DEPRECATED: The legacy builder is deprecated and will be removed in a future release.
            Install the buildx component to build images with BuildKit:
            https://docs.docker.com/go/buildx/

Sending build context to Docker daemon  664.6MB
Step 1/9 : FROM madnificent/ember:4.12.1-node_18 as builder
 ---> e3bcd7ca866f
Step 2/9 : LABEL maintainer="info@redpencil.io"
 ---> [Warning] The requested image's platform (linux/amd64) does not match the detected host platform (linux/arm64/v8) and no specific platform was requested
 ---> Running in e1e64b49306d
 ---> Removed intermediate container e1e64b49306d
 ---> 4960364fc3bd
Step 3/9 : WORKDIR /app
 ---> [Warning] The requested image's platform (linux/amd64) does not match the detected host platform (linux/arm64/v8) and no specific platform was requested
 ---> Running in fd32323a611a
 ---> Removed intermediate container fd32323a611a
 ---> a2fc78185ee5
Step 4/9 : COPY package.json package-lock.json ./
 ---> 232d5539d34a
Step 5/9 : RUN npm ci
 ---> [Warning] The requested image's platform (linux/amd64) does not match the detected host platform (linux/arm64/v8) and no specific platform was requested
 ---> Running in e15e7d3fb867
[91mnpm[0m[91m [0m[91mWARN[0m[91m deprecated[0m[91m source-map-url@0.4.1: See https://github.com/lydell/source-map-url#deprecated
[0m[91mnpm[0m[91m WARN[0m[91m [0m[91mdeprecated[0m[91m urix@0.1.0: Please see https://github.com/lydell/urix#deprecated
[0m[91mnpm[0m[91m WARN deprecated[0m[91m consolidate@0.16.0: Please upgrade to consolidate v1.0.0+ as it has been modernized with several long-awaited fixes implemented. Maintenance is supported by Forward Email at https://forwardemail.net ; follow/watch https://github.com/ladjs/consolidate for updates and release changelog
[0m[91mnpm[0m[91m [0m[91mWARN [0m[91mdeprecated rimraf@3.0.2: Rimraf versions prior to v4 are no longer supported
[0m[91mnpm[0m[91m [0m[91mWARN deprecated resolve-url@0.2.1: https://github.com/lydell/resolve-url#deprecated
[0m[91mnpm[0m[91m WARN deprecated source-map-resolve@0.5.3: See https://github.com/lydell/source-map-resolve#deprecated
[0m[91mnpm [0m[91mWARN deprecated source-map-url@0.3.0: See https://github.com/lydell/source-map-url#deprecated
[0m[91mnpm[0m[91m WARN[0m[91m [0m[91mdeprecated sane@4.1.0: some dependency vulnerabilities fixed, support for node < 10 dropped, and newer ECMAScript syntax/features added
[0m[91mnpm[0m[91m [0m[91mWARN[0m[91m deprecated[0m[91m sourcemap-codec@1.4.8: Please use @jridgewell/sourcemap-codec instead
[0m[91mnpm [0m[91mWARN deprecated rdf-js@4.0.2: Use @types/rdf-js instead. See https://github.com/rdfjs/types?tab=readme-ov-file#what-about-typesrdf-js
[0m[91mnpm[0m[91m WARN deprecated[0m[91m @babel/polyfill@7.12.1: 🚨 This package has been deprecated in favor of separate inclusion of a polyfill and regenerator-runtime (when needed). See the @babel/polyfill docs (https://babeljs.io/docs/en/babel-polyfill) for more information.
[0m[91mnpm[0m[91m [0m[91mWARN[0m[91m [0m[91mdeprecated[0m[91m figgy-pudding@3.5.2: This module is no longer supported.
[0m[91mnpm[0m[91m [0m[91mWARN[0m[91m [0m[91mdeprecated[0m[91m exists-sync@0.0.4: Please replace with usage of fs.existsSync
[0m[91mnpm[0m[91m [0m[91mWARN[0m[91m [0m[91mdeprecated[0m[91m acorn-dynamic-import@3.0.0: This is probably built in to whatever tool you're using. If you still need it... idk
[0m[91mnpm[0m[91m [0m[91mWARN [0m[91mdeprecated[0m[91m @types/broccoli-plugin@3.0.0: This is a stub types definition. broccoli-plugin provides its own type definitions, so you do not need this installed.
[0m[91mnpm[0m[91m [0m[91mWARN[0m[91m [0m[91mdeprecated[0m[91m @types/asynciterator@3.0.0: This is a stub types definition. asynciterator provides its own type definitions, so you do not need this installed.
[0m[91mnpm[0m[91m WARN[0m[91m [0m[91mdeprecated[0m[91m @babel/plugin-proposal-private-methods@7.18.6: This proposal has been merged to the ECMAScript standard and thus this plugin is no longer maintained. Please use @babel/plugin-transform-private-methods instead.
[0m[91mnpm WARN deprecated @babel/plugin-proposal-class-properties@7.18.6: This proposal has been merged to the ECMAScript standard and thus this plugin is no longer maintained. Please use @babel/plugin-transform-class-properties instead.
[0m[91mnpm WARN deprecated chokidar@2.1.8: Chokidar 2 does not receive security updates since 2019. Upgrade to chokidar 3 with 15x fewer dependencies
[0m[91mnpm WARN[0m[91m deprecated @babel/plugin-proposal-private-property-in-object@7.21.11: This proposal has been merged to the ECMAScript standard and thus this plugin is no longer maintained. Please use @babel/plugin-transform-private-property-in-object instead.
[0m[91mnpm WARN deprecated @babel/plugin-proposal-private-property-in-object@7.21.11: This proposal has been merged to the ECMAScript standard and thus this plugin is no longer maintained. Please use @babel/plugin-transform-private-property-in-object instead.
[0m[91mnpm WARN [0m[91mdeprecated @babel/plugin-proposal-private-property-in-object@7.21.11: This proposal has been merged to the ECMAScript standard and thus this plugin is no longer maintained. Please use @babel/plugin-transform-private-property-in-object instead.
[0m[91mnpm WARN deprecated @babel/plugin-proposal-private-property-in-object@7.21.11: This proposal has been merged to the ECMAScript standard and thus this plugin is no longer maintained. Please use @babel/plugin-transform-private-property-in-object instead.
[0m[91mnpm WARN deprecated[0m[91m @babel/plugin-proposal-private-property-in-object@7.21.11: This proposal has been merged to the ECMAScript standard and thus this plugin is no longer maintained. Please use @babel/plugin-transform-private-property-in-object instead.
[0m[91mnpm[0m[91m WARN deprecated @babel/plugin-proposal-private-property-in-object@7.21.11: This proposal has been merged to the ECMAScript standard and thus this plugin is no longer maintained. Please use @babel/plugin-transform-private-property-in-object instead.
[0m[91mnpm [0m[91mWARN deprecated @babel/plugin-proposal-private-property-in-object@7.21.11: This proposal has been merged to the ECMAScript standard and thus this plugin is no longer maintained. Please use @babel/plugin-transform-private-property-in-object instead.
[0m[91mnpm [0m[91mWARN deprecated @babel/plugin-proposal-private-property-in-object@7.21.11: This proposal has been merged to the ECMAScript standard and thus this plugin is no longer maintained. Please use @babel/plugin-transform-private-property-in-object instead.
[0m[91mnpm[0m[91m WARN deprecated @babel/plugin-proposal-private-property-in-object@7.21.11: This proposal has been merged to the ECMAScript standard and thus this plugin is no longer maintained. Please use @babel/plugin-transform-private-property-in-object instead.
[0m[91mnpm WARN deprecated[0m[91m @babel/plugin-proposal-private-property-in-object@7.21.11: This proposal has been merged to the ECMAScript standard and thus this plugin is no longer maintained. Please use @babel/plugin-transform-private-property-in-object instead.
[0m[91mnpm[0m[91m WARN deprecated @babel/plugin-proposal-private-property-in-object@7.21.11: This proposal has been merged to the ECMAScript standard and thus this plugin is no longer maintained. Please use @babel/plugin-transform-private-property-in-object instead.
[0m[91mnpm [0m[91mWARN deprecated @babel/plugin-proposal-private-property-in-object@7.21.11: This proposal has been merged to the ECMAScript standard and thus this plugin is no longer maintained. Please use @babel/plugin-transform-private-property-in-object instead.
[0m[91mnpm [0m[91mWARN deprecated[0m[91m @babel/plugin-proposal-private-property-in-object@7.21.11: This proposal has been merged to the ECMAScript standard and thus this plugin is no longer maintained. Please use @babel/plugin-transform-private-property-in-object instead.
[0m[91mnpm[0m[91m [0m[91mWARN[0m[91m deprecated[0m[91m @babel/plugin-proposal-private-property-in-object@7.21.11: This proposal has been merged to the ECMAScript standard and thus this plugin is no longer maintained. Please use @babel/plugin-transform-private-property-in-object instead.
[0m[91mnpm[0m[91m [0m[91mWARN[0m[91m [0m[91mdeprecated[0m[91m @babel/plugin-proposal-private-property-in-object@7.21.11: This proposal has been merged to the ECMAScript standard and thus this plugin is no longer maintained. Please use @babel/plugin-transform-private-property-in-object instead.
[0m[91mnpm[0m[91m [0m[91mWARN[0m[91m [0m[91mdeprecated @babel/plugin-proposal-private-property-in-object@7.21.11: This proposal has been merged to the ECMAScript standard and thus this plugin is no longer maintained. Please use @babel/plugin-transform-private-property-in-object instead.
[0m[91mnpm [0m[91mWARN deprecated @babel/plugin-proposal-private-property-in-object@7.21.11: This proposal has been merged to the ECMAScript standard and thus this plugin is no longer maintained. Please use @babel/plugin-transform-private-property-in-object instead.
[0m[91mnpm WARN[0m[91m deprecated @babel/plugin-proposal-private-property-in-object@7.21.11: This proposal has been merged to the ECMAScript standard and thus this plugin is no longer maintained. Please use @babel/plugin-transform-private-property-in-object instead.
[0m[91mnpm[0m[91m WARN deprecated @babel/plugin-proposal-private-property-in-object@7.21.11: This proposal has been merged to the ECMAScript standard and thus this plugin is no longer maintained. Please use @babel/plugin-transform-private-property-in-object instead.
[0m[91mnpm WARN deprecated @babel/plugin-proposal-private-property-in-object@7.21.11: This proposal has been merged to the ECMAScript standard and thus this plugin is no longer maintained. Please use @babel/plugin-transform-private-property-in-object instead.
[0m[91mnpm[0m[91m [0m[91mWARN deprecated @babel/plugin-proposal-private-property-in-object@7.21.11: This proposal has been merged to the ECMAScript standard and thus this plugin is no longer maintained. Please use @babel/plugin-transform-private-property-in-object instead.
[0m[91mnpm WARN [0m[91mdeprecated @babel/plugin-proposal-private-property-in-object@7.21.11: This proposal has been merged to the ECMAScript standard and thus this plugin is no longer maintained. Please use @babel/plugin-transform-private-property-in-object instead.
[0m[91mnpm[0m[91m WARN deprecated @babel/plugin-proposal-private-property-in-object@7.21.11: This proposal has been merged to the ECMAScript standard and thus this plugin is no longer maintained. Please use @babel/plugin-transform-private-property-in-object instead.
[0m[91mnpm [0m[91mWARN deprecated[0m[91m @babel/plugin-proposal-private-property-in-object@7.21.11: This proposal has been merged to the ECMAScript standard and thus this plugin is no longer maintained. Please use @babel/plugin-transform-private-property-in-object instead.
[0m[91mnpm WARN deprecated @babel/plugin-proposal-private-property-in-object@7.21.11: This proposal has been merged to the ECMAScript standard and thus this plugin is no longer maintained. Please use @babel/plugin-transform-private-property-in-object instead.
[0m[91mnpm[0m[91m WARN deprecated @babel/plugin-proposal-private-property-in-object@7.21.11: This proposal has been merged to the ECMAScript standard and thus this plugin is no longer maintained. Please use @babel/plugin-transform-private-property-in-object instead.
[0m[91mnpm[0m[91m [0m[91mWARN [0m[91mdeprecated @babel/plugin-proposal-private-property-in-object@7.21.11: This proposal has been merged to the ECMAScript standard and thus this plugin is no longer maintained. Please use @babel/plugin-transform-private-property-in-object instead.
[0m[91mnpm[0m[91m WARN deprecated[0m[91m @babel/plugin-proposal-private-property-in-object@7.21.11: This proposal has been merged to the ECMAScript standard and thus this plugin is no longer maintained. Please use @babel/plugin-transform-private-property-in-object instead.
[0m[91mnpm[0m[91m WARN deprecated[0m[91m @babel/plugin-proposal-private-property-in-object@7.21.11: This proposal has been merged to the ECMAScript standard and thus this plugin is no longer maintained. Please use @babel/plugin-transform-private-property-in-object instead.
[0m[91mnpm[0m[91m WARN deprecated[0m[91m @babel/plugin-proposal-private-property-in-object@7.21.11: This proposal has been merged to the ECMAScript standard and thus this plugin is no longer maintained. Please use @babel/plugin-transform-private-property-in-object instead.
[0m[91mnpm [0m[91mWARN deprecated @babel/plugin-proposal-private-property-in-object@7.21.11: This proposal has been merged to the ECMAScript standard and thus this plugin is no longer maintained. Please use @babel/plugin-transform-private-property-in-object instead.
[0m[91mnpm [0m[91mWARN deprecated @babel/plugin-proposal-private-property-in-object@7.21.11: This proposal has been merged to the ECMAScript standard and thus this plugin is no longer maintained. Please use @babel/plugin-transform-private-property-in-object instead.
[0m[91mnpm [0m[91mWARN deprecated[0m[91m @babel/plugin-proposal-private-property-in-object@7.21.11: This proposal has been merged to the ECMAScript standard and thus this plugin is no longer maintained. Please use @babel/plugin-transform-private-property-in-object instead.
[0m[91mnpm WARN[0m[91m deprecated @babel/plugin-proposal-private-property-in-object@7.21.11: This proposal has been merged to the ECMAScript standard and thus this plugin is no longer maintained. Please use @babel/plugin-transform-private-property-in-object instead.
[0m[91mnpm[0m[91m [0m[91mWARN [0m[91mdeprecated @babel/plugin-proposal-private-property-in-object@7.21.11: This proposal has been merged to the ECMAScript standard and thus this plugin is no longer maintained. Please use @babel/plugin-transform-private-property-in-object instead.
[0m[91mnpm WARN [0m[91mdeprecated @babel/plugin-proposal-private-property-in-object@7.21.11: This proposal has been merged to the ECMAScript standard and thus this plugin is no longer maintained. Please use @babel/plugin-transform-private-property-in-object instead.
[0m[91mnpm[0m[91m [0m[91mWARN[0m[91m [0m[91mdeprecated[0m[91m @babel/plugin-proposal-private-property-in-object@7.21.11: This proposal has been merged to the ECMAScript standard and thus this plugin is no longer maintained. Please use @babel/plugin-transform-private-property-in-object instead.
[0m[91mnpm [0m[91mWARN deprecated[0m[91m @babel/plugin-proposal-private-property-in-object@7.21.11: This proposal has been merged to the ECMAScript standard and thus this plugin is no longer maintained. Please use @babel/plugin-transform-private-property-in-object instead.
[0m[91mnpm[0m[91m WARN [0m[91mdeprecated @babel/plugin-proposal-private-property-in-object@7.21.11: This proposal has been merged to the ECMAScript standard and thus this plugin is no longer maintained. Please use @babel/plugin-transform-private-property-in-object instead.
[0m[91mnpm WARN [0m[91mdeprecated @babel/plugin-proposal-private-property-in-object@7.21.11: This proposal has been merged to the ECMAScript standard and thus this plugin is no longer maintained. Please use @babel/plugin-transform-private-property-in-object instead.
[0m[91mnpm[0m[91m [0m[91mWARN deprecated @babel/plugin-proposal-private-property-in-object@7.21.11: This proposal has been merged to the ECMAScript standard and thus this plugin is no longer maintained. Please use @babel/plugin-transform-private-property-in-object instead.
[0m[91mnpm WARN[0m[91m deprecated @babel/plugin-proposal-private-property-in-object@7.21.11: This proposal has been merged to the ECMAScript standard and thus this plugin is no longer maintained. Please use @babel/plugin-transform-private-property-in-object instead.
[0m[91mnpm WARN[0m[91m deprecated @babel/plugin-proposal-private-property-in-object@7.21.11: This proposal has been merged to the ECMAScript standard and thus this plugin is no longer maintained. Please use @babel/plugin-transform-private-property-in-object instead.
[0m[91mnpm WARN[0m[91m deprecated @babel/plugin-proposal-private-property-in-object@7.21.11: This proposal has been merged to the ECMAScript standard and thus this plugin is no longer maintained. Please use @babel/plugin-transform-private-property-in-object instead.
[0m[91mnpm [0m[91mWARN deprecated @babel/plugin-proposal-private-property-in-object@7.21.11: This proposal has been merged to the ECMAScript standard and thus this plugin is no longer maintained. Please use @babel/plugin-transform-private-property-in-object instead.
[0m[91mnpm[0m[91m [0m[91mWARN[0m[91m deprecated[0m[91m @babel/plugin-proposal-private-property-in-object@7.21.11: This proposal has been merged to the ECMAScript standard and thus this plugin is no longer maintained. Please use @babel/plugin-transform-private-property-in-object instead.
[0m[91mnpm WARN deprecated[0m[91m @babel/plugin-proposal-private-property-in-object@7.21.11: This proposal has been merged to the ECMAScript standard and thus this plugin is no longer maintained. Please use @babel/plugin-transform-private-property-in-object instead.
[0m[91mnpm [0m[91mWARN deprecated @babel/plugin-proposal-private-property-in-object@7.21.11: This proposal has been merged to the ECMAScript standard and thus this plugin is no longer maintained. Please use @babel/plugin-transform-private-property-in-object instead.
[0m[91mnpm[0m[91m WARN [0m[91mdeprecated @babel/plugin-proposal-private-property-in-object@7.21.11: This proposal has been merged to the ECMAScript standard and thus this plugin is no longer maintained. Please use @babel/plugin-transform-private-property-in-object instead.
[0m[91mnpm [0m[91mWARN deprecated @babel/plugin-proposal-private-property-in-object@7.21.11: This proposal has been merged to the ECMAScript standard and thus this plugin is no longer maintained. Please use @babel/plugin-transform-private-property-in-object instead.
[0m[91mnpm[0m[91m [0m[91mWARN[0m[91m [0m[91mdeprecated[0m[91m @babel/plugin-proposal-private-property-in-object@7.21.11: This proposal has been merged to the ECMAScript standard and thus this plugin is no longer maintained. Please use @babel/plugin-transform-private-property-in-object instead.
[0m[91mnpm[0m[91m WARN deprecated @babel/plugin-proposal-private-property-in-object@7.21.11: This proposal has been merged to the ECMAScript standard and thus this plugin is no longer maintained. Please use @babel/plugin-transform-private-property-in-object instead.
[0m[91mnpm[0m[91m [0m[91mWARN [0m[91mdeprecated core-js@2.6.12: core-js@<3.23.3 is no longer maintained and not recommended for usage due to the number of issues. Because of the V8 engine whims, feature detection in old core-js versions could cause a slowdown up to 100x even if nothing is polyfilled. Some versions have web compatibility issues. Please, upgrade your dependencies to the actual version of core-js.
[0m
added 5140 packages, and audited 5141 packages in 4m

244 packages are looking for funding
  run `npm fund` for details

23 vulnerabilities (2 low, 17 high, 4 critical)

To address issues that do not require attention, run:
  npm audit fix

To address all issues (including breaking changes), run:
  npm audit fix --force

Run `npm audit` for details.
[91mnpm[0m[91m [0m[91mnotice[0m[91m 
[0m[91mnpm notice New major version of npm available! 9.6.7 -> 10.8.0
[0m[91mnpm[0m[91m [0m[91mnotice[0m[91m Changelog: <https://github.com/npm/cli/releases/tag/v10.8.0>
[0m[91mnpm [0m[91mnotice[0m[91m Run `npm install -g npm@10.8.0` to update!
npm [0m[91mnotice[0m[91m 
[0m ---> Removed intermediate container e15e7d3fb867
 ---> b86d861f25ea
Step 6/9 : COPY . .
 ---> 5e8a706aa907
Step 7/9 : RUN ember build -prod
 ---> [Warning] The requested image's platform (linux/amd64) does not match the detected host platform (linux/arm64/v8) and no specific platform was requested
 ---> Running in 813eb66e810d
[91m[ember-cli-dotenv]: ENOENT: no such file or directory, open '/app/.env'
[0m[91m- Building
[0mEnvironment: production
[91m- Building
[0mWARNING: ember-test-selectors: You are using an unsupported ember-cli-babel version. data-test properties are not automatically stripped from your JS code.
[91m- Building
[0mWARNING: [ember-cli-dotenv]: Required environment variable 'CORS_PROXY_URL' is missing.
[91m- Building
[0m[91m- building... 
[0m[91munexpectedly found "!~" when slicing source, but expected ""
[0m[91munexpectedly found "!~" when slicing source, but expected ""
[0m[91munexpectedly found "!~" when slicing source, but expected ""
[0m[91munexpectedly found "!~" when slicing source, but expected ""
[0m[91munexpectedly found "!~" when slicing source, but expected ""
[0m[91munexpectedly found "!~" when slicing source, but expected ""
[0m[91munexpectedly found "!~" when slicing source, but expected ""
[0m[91munexpectedly found "!~" when slicing source, but expected ""
[0m[91munexpectedly found "!~" when slicing source, but expected ""
[0m[91munexpectedly found "!~" when slicing source, but expected ""
[0m[91munexpectedly found "!~" when slicing source, but expected ""
[0m[91munexpectedly found "!~" when slicing source, but expected ""
[0m[91munexpectedly found "!~" when slicing source, but expected ""
[0m[91munexpectedly found "!~" when slicing source, but expected ""
[0m[91munexpectedly found "!~" when slicing source, but expected ""
[0m[91munexpectedly found "!~" when slicing source, but expected ""
[0m[91munexpectedly found "! ~" when slicing source, but expected " "
[0m[91munexpectedly found "! ~" when slicing source, but expected " "
[0m[91munexpectedly found "! ~" when slicing source, but expected " "
[0m[91munexpectedly found "! ~" when slicing source, but expected " "
[0m[91mWARNING: The current breakpoint behavior of the responsive `au-u-flex` utilities is deprecated. Instead of `max-width` they will use `min-width` queries to make them consistent with other responsive util classes.Set the global `$au-flex-utilities-reverse-responsive-breakpoints` variable to `true` and modify the responsive classes where needed.
    node_modules/@appuniversum/ember-appuniversum/styles/utilities/_u-flex.scss 145:9    @import
    @appuniversum/ember-appuniversum/styles/_a-utilities.scss 13:9                       @import
    ../tmp/broccoli-8HANe0bJvRxEL/out-343-funnel_funnel_styles/app/styles/app.scss 11:9  root stylesheet

[0m[91mWARNING: The current breakpoint behavior of the responsive `au-u-flex` utilities is deprecated. Instead of `max-width` they will use `min-width` queries to make them consistent with other responsive util classes.Set the global `$au-flex-utilities-reverse-responsive-breakpoints` variable to `true` and modify the responsive classes where needed.
    node_modules/@appuniversum/ember-appuniversum/styles/utilities/_u-flex.scss 145:9    @import
    @appuniversum/ember-appuniversum/styles/_a-utilities.scss 13:9                       @import
    ../tmp/broccoli-8HANe0bJvRxEL/out-343-funnel_funnel_styles/app/styles/app.scss 11:9  root stylesheet

[0m[91mWARNING: The current breakpoint behavior of the responsive `au-u-flex` utilities is deprecated. Instead of `max-width` they will use `min-width` queries to make them consistent with other responsive util classes.Set the global `$au-flex-utilities-reverse-responsive-breakpoints` variable to `true` and modify the responsive classes where needed.
    node_modules/@appuniversum/ember-appuniversum/styles/utilities/_u-flex.scss 145:9    @import
    @appuniversum/ember-appuniversum/styles/_a-utilities.scss 13:9                       @import
    ../tmp/broccoli-8HANe0bJvRxEL/out-343-funnel_funnel_styles/app/styles/app.scss 11:9  root stylesheet

[0m[91mWARNING: The current breakpoint behavior of the responsive `au-u-flex` utilities is deprecated. Instead of `max-width` they will use `min-width` queries to make them consistent with other responsive util classes.Set the global `$au-flex-utilities-reverse-responsive-breakpoints` variable to `true` and modify the responsive classes where needed.
    node_modules/@appuniversum/ember-appuniversum/styles/utilities/_u-flex.scss 145:9    @import
    @appuniversum/ember-appuniversum/styles/_a-utilities.scss 13:9                       @import
    ../tmp/broccoli-8HANe0bJvRxEL/out-343-funnel_funnel_styles/app/styles/app.scss 11:9  root stylesheet

[0m[91mWARNING: The current breakpoint behavior of the responsive `au-u-flex` utilities is deprecated. Instead of `max-width` they will use `min-width` queries to make them consistent with other responsive util classes.Set the global `$au-flex-utilities-reverse-responsive-breakpoints` variable to `true` and modify the responsive classes where needed.
    node_modules/@appuniversum/ember-appuniversum/styles/utilities/_u-flex.scss 145:9    @import
    @appuniversum/ember-appuniversum/styles/_a-utilities.scss 13:9                       @import
    ../tmp/broccoli-8HANe0bJvRxEL/out-343-funnel_funnel_styles/app/styles/app.scss 11:9  root stylesheet

[0m[91mKilled
[0mThe command '/bin/sh -c ember build -prod' returned a non-zero code: 137
